INFO: 2018-06-13 16:21:25,708: perform_upgrade() 'Last run version was 0.6.9 or earlier, current version is 0.6.7'
INFO: 2018-06-13 16:21:25,709: process_command() 'Received command: []'
INFO: 2018-06-13 16:21:25,939: load() 'Jumble loading'
INFO: 2018-06-13 16:21:25,942: _walk_modules() 'Jumble loading module in __init__ from /usr/share/variety/plugins/__init__.py'
INFO: 2018-06-13 16:21:25,973: _walk_modules() 'Jumble loading module in __init__ from /usr/share/variety/plugins/quotes/__init__.py'
INFO: 2018-06-13 16:21:25,997: _walk_modules() 'Jumble loading module in GoodreadsSource from /usr/share/variety/plugins/quotes/GoodreadsSource.py'
INFO: 2018-06-13 16:21:26,104: load() 'Jumble found plugin class: <class 'GoodreadsSource.GoodreadsSource'>: {'author': 'Peter Levi', 'name': 'Goodreads', 'version': '0.1', 'description': u'Fetches quotes from Goodreads.com'}'
INFO: 2018-06-13 16:21:26,105: _walk_modules() 'Jumble loading module in LocalFilesSource from /usr/share/variety/plugins/quotes/LocalFilesSource.py'
INFO: 2018-06-13 16:21:26,118: load() 'Jumble found plugin class: <class 'LocalFilesSource.LocalFilesSource'>: {'author': 'Peter Levi', 'name': 'Local text files', 'version': '0.1', 'description': u'Displays quotes, defined in local text files.\nPut your own txt files in: ~/.config/variety/pluginconfig/quotes/.\nThe file format is:\n\nquote -- author\n.\nsecond quote -- another author\n.\netc...\n\nExample: http://rvelthuis.de/zips/quotes.txt'}'
INFO: 2018-06-13 16:21:26,118: _walk_modules() 'Jumble loading module in QuotesDaddySource from /usr/share/variety/plugins/quotes/QuotesDaddySource.py'
INFO: 2018-06-13 16:21:26,134: load() 'Jumble found plugin class: <class 'QuotesDaddySource.QuotesDaddySource'>: {'author': 'Peter Levi', 'name': 'QuotesDaddy', 'version': '0.1', 'description': u"Fetches quotes from QuotesDaddy's daily quotes RSS feed.\nDoes not support searching by tags or authors."}'
INFO: 2018-06-13 16:21:26,134: _walk_modules() 'Jumble loading module in QuotationsPageSource from /usr/share/variety/plugins/quotes/QuotationsPageSource.py'
INFO: 2018-06-13 16:21:26,158: load() 'Jumble found plugin class: <class 'QuotationsPageSource.QuotationsPageSource'>: {'author': 'Peter Levi', 'name': 'TheQuotationsPage.com', 'version': '0.1', 'description': u'Fetches quotes from TheQuotationsPage.com'}'
INFO: 2018-06-13 16:21:26,267: reload_config() 'Creating new downloader for type 15, location Bing Photo of the Day'
INFO: 2018-06-13 16:21:26,267: reload_config() 'Creating new downloader for type 8, location NASA's Astronomy Picture of the Day'
INFO: 2018-06-13 16:21:26,267: log_options() 'Loaded options:'
INFO: 2018-06-13 16:21:26,267: log_options() 'change_enabled = True'
INFO: 2018-06-13 16:21:26,267: log_options() 'change_interval = 900'
INFO: 2018-06-13 16:21:26,267: log_options() 'change_on_start = False'
INFO: 2018-06-13 16:21:26,268: log_options() 'clipboard_enabled = False'
INFO: 2018-06-13 16:21:26,268: log_options() 'clipboard_hosts = [u'wallhaven.cc', u'ns223506.ovh.net', u'wallpapers.net', u'flickr.com', u'imgur.com', u'deviantart.com', u'interfacelift.com', u'vladstudio.com', u'imageshack.us']'
INFO: 2018-06-13 16:21:26,268: log_options() 'clipboard_use_whitelist = True'
INFO: 2018-06-13 16:21:26,268: log_options() 'clock_date_font = Ubuntu Condensed, 30'
INFO: 2018-06-13 16:21:26,268: log_options() 'clock_enabled = False'
INFO: 2018-06-13 16:21:26,268: log_options() 'clock_filter = -density 100 -font `fc-match -f '%{file[0]}' '%CLOCK_FONT_NAME'` -pointsize %CLOCK_FONT_SIZE -gravity SouthEast -fill '#00000044' -annotate 0x0+[%HOFFSET+58]+[%VOFFSET+108] '%H:%M' -fill white -annotate 0x0+[%HOFFSET+60]+[%VOFFSET+110] '%H:%M' -font `fc-match -f '%{file[0]}' '%DATE_FONT_NAME'` -pointsize %DATE_FONT_SIZE -fill '#00000044' -annotate 0x0+[%HOFFSET+58]+[%VOFFSET+58] '%A, %B %d' -fill white -annotate 0x0+[%HOFFSET+60]+[%VOFFSET+60] '%A, %B %d''
INFO: 2018-06-13 16:21:26,268: log_options() 'clock_font = Ubuntu Condensed, 70'
INFO: 2018-06-13 16:21:26,268: log_options() 'configfile = /home/hspitia/.config/variety/variety.conf'
INFO: 2018-06-13 16:21:26,268: log_options() 'copyto_enabled = False'
INFO: 2018-06-13 16:21:26,268: log_options() 'copyto_folder = Default'
INFO: 2018-06-13 16:21:26,268: log_options() 'desired_color = [160, 160, 160]'
INFO: 2018-06-13 16:21:26,268: log_options() 'desired_color_enabled = False'
INFO: 2018-06-13 16:21:26,268: log_options() 'download_enabled = True'
INFO: 2018-06-13 16:21:26,268: log_options() 'download_folder = /home/hspitia/.config/variety/Downloaded'
INFO: 2018-06-13 16:21:26,268: log_options() 'download_interval = 600'
INFO: 2018-06-13 16:21:26,268: log_options() 'facebook_message = '
INFO: 2018-06-13 16:21:26,268: log_options() 'facebook_show_dialog = True'
INFO: 2018-06-13 16:21:26,268: log_options() 'favorites_folder = /home/hspitia/Dropbox/apps_config/wallpapers'
INFO: 2018-06-13 16:21:26,268: log_options() 'favorites_operations = [[u'Downloaded', u'Copy'], [u'Fetched', u'Move'], [u'Others', u'Copy']]'
INFO: 2018-06-13 16:21:26,268: log_options() 'fetched_folder = /home/hspitia/.config/variety/Fetched'
INFO: 2018-06-13 16:21:26,268: log_options() 'filters = [[False, u'Keep original', u''], [False, u'Grayscale', u'-type Grayscale'], [False, u'Heavy blur', u'-blur 120x40'], [False, u'Soft blur', u'-blur 20x7'], [False, u'Oil painting', u'-paint 8'], [False, u'Pencil sketch', u'-colorspace gray \\( +clone -tile ~/.config/variety/pencil_tile.png -draw "color 0,0 reset" +clone +swap -compose color_dodge -composite \\) -fx \'u*.2+v*.8\''], [False, u'Pointilism', u'-spread 10 -noise 3'], [False, u'Pixellate', u'-scale 3% -scale 3333%']]'
INFO: 2018-06-13 16:21:26,268: log_options() 'icon = Light'
INFO: 2018-06-13 16:21:26,268: log_options() 'lightness_enabled = False'
INFO: 2018-06-13 16:21:26,268: log_options() 'lightness_mode = 0'
INFO: 2018-06-13 16:21:26,268: log_options() 'min_rating = 4'
INFO: 2018-06-13 16:21:26,268: log_options() 'min_rating_enabled = False'
INFO: 2018-06-13 16:21:26,268: log_options() 'min_size = 80'
INFO: 2018-06-13 16:21:26,268: log_options() 'min_size_enabled = False'
INFO: 2018-06-13 16:21:26,268: log_options() 'quota_enabled = True'
INFO: 2018-06-13 16:21:26,268: log_options() 'quota_size = 500'
INFO: 2018-06-13 16:21:26,268: log_options() 'quotes_authors = '
INFO: 2018-06-13 16:21:26,268: log_options() 'quotes_bg_color = [80, 80, 80]'
INFO: 2018-06-13 16:21:26,269: log_options() 'quotes_bg_opacity = 55'
INFO: 2018-06-13 16:21:26,269: log_options() 'quotes_change_enabled = False'
INFO: 2018-06-13 16:21:26,269: log_options() 'quotes_change_interval = 300'
INFO: 2018-06-13 16:21:26,269: log_options() 'quotes_disabled_sources = [u'QuotesDaddy']'
INFO: 2018-06-13 16:21:26,269: log_options() 'quotes_enabled = False'
INFO: 2018-06-13 16:21:26,269: log_options() 'quotes_favorites_file = /home/hspitia/.config/variety/favorite_quotes.txt'
INFO: 2018-06-13 16:21:26,269: log_options() 'quotes_font = Bitstream Charter 30'
INFO: 2018-06-13 16:21:26,269: log_options() 'quotes_hpos = 100'
INFO: 2018-06-13 16:21:26,269: log_options() 'quotes_tags = '
INFO: 2018-06-13 16:21:26,269: log_options() 'quotes_text_color = [255, 255, 255]'
INFO: 2018-06-13 16:21:26,269: log_options() 'quotes_text_shadow = False'
INFO: 2018-06-13 16:21:26,269: log_options() 'quotes_vpos = 40'
INFO: 2018-06-13 16:21:26,269: log_options() 'quotes_width = 70'
INFO: 2018-06-13 16:21:26,269: log_options() 'safe_mode = False'
INFO: 2018-06-13 16:21:26,269: log_options() 'slideshow_custom_enabled = False'
INFO: 2018-06-13 16:21:26,269: log_options() 'slideshow_custom_folder = /home/hspitia/Pictures'
INFO: 2018-06-13 16:21:26,269: log_options() 'slideshow_downloads_enabled = False'
INFO: 2018-06-13 16:21:26,269: log_options() 'slideshow_fade = 0.4'
INFO: 2018-06-13 16:21:26,269: log_options() 'slideshow_favorites_enabled = True'
INFO: 2018-06-13 16:21:26,269: log_options() 'slideshow_mode = Fullscreen'
INFO: 2018-06-13 16:21:26,269: log_options() 'slideshow_monitor = All'
INFO: 2018-06-13 16:21:26,269: log_options() 'slideshow_pan = 0.05'
INFO: 2018-06-13 16:21:26,269: log_options() 'slideshow_seconds = 6.0'
INFO: 2018-06-13 16:21:26,269: log_options() 'slideshow_sort_order = Random'
INFO: 2018-06-13 16:21:26,269: log_options() 'slideshow_sources_enabled = True'
INFO: 2018-06-13 16:21:26,269: log_options() 'slideshow_zoom = 0.2'
INFO: 2018-06-13 16:21:26,269: log_options() 'smart_enabled = True'
INFO: 2018-06-13 16:21:26,269: log_options() 'smart_notice_shown = True'
INFO: 2018-06-13 16:21:26,269: log_options() 'smart_register_shown = True'
INFO: 2018-06-13 16:21:26,269: log_options() 'sources = [[True, 3, u'The Favorites folder'], [False, 4, u'The Fetched folder'], [False, 19, u'Recommended by Variety. Adapts to your taste as you mark images as favorite or trash.'], [False, 20, u'Latest favorites by the other users of Variety. [May contain NSFW images]'], [True, 2, u'/usr/share/backgrounds'], [False, 6, u'Random wallpapers from Desktoppr.co'], [True, 15, u'Bing Photo of the Day'], [False, 16, u'High-resolution photos from Unsplash.com'], [True, 8, u"NASA's Astronomy Picture of the Day"], [False, 11, u'World Sunlight Map - live wallpaper from Die.net'], [False, 7, u'user:www.flickr.com/photos/peter-levi/;user_id:93647178@N00;']]'
INFO: 2018-06-13 16:21:26,269: log_options() 'stats_enabled = True'
INFO: 2018-06-13 16:21:26,269: log_options() 'stats_notice_shown = True'
INFO: 2018-06-13 16:21:26,270: log_options() 'sync_enabled = True'
INFO: 2018-06-13 16:21:26,270: log_options() 'use_landscape_enabled = True'
INFO: 2018-06-13 16:21:26,270: reload_config() 'No need to clear prepared queue'
INFO: 2018-06-13 16:21:26,270: load_last_change_time() 'Change interval < 6 hours, ignore persisted last_change_time, wait initially the whole interval: 900'
INFO: 2018-06-13 16:21:26,270: update_indicator() 'Setting file info to: /home/hspitia/Dropbox/apps_config/wallpapers/newyorkcitybypaulobarcellosjr.jpg'
INFO: 2018-06-13 16:21:26,371: do_set_wp() 'Calling do_set_wp with /home/hspitia/Dropbox/apps_config/wallpapers/newyorkcitybypaulobarcellosjr.jpg, time: 1528921286.37'
INFO: 2018-06-13 16:21:26,416: regular_change_thread() 'regular_change thread running'
INFO: 2018-06-13 16:21:26,416: prepare_thread() 'Prepare thread running'
INFO: 2018-06-13 16:21:26,454: prepare_thread() 'Prepared buffer contains 0 images'
INFO: 2018-06-13 16:21:26,454: prepare_thread() 'Preparing some images'
INFO: 2018-06-13 16:21:26,460: update_indicator_icon() 'Creating indicator'
INFO: 2018-06-13 16:21:26,499: _run() 'sync: Started, hash fbab2c05dbac030790243a7963f53d6e'
INFO: 2018-06-13 16:21:26,499: load_user() 'smart: Missing smart_user.json, creating new smart user'
INFO: 2018-06-13 16:21:26,500: new_user() 'smart: Creating new smart user'
INFO: 2018-06-13 16:21:26,529: update_indicator() 'Setting file info to: /home/hspitia/Dropbox/apps_config/wallpapers/newyorkcitybypaulobarcellosjr.jpg'
WARNING: 2018-06-13 16:21:26,548: create_menu() 'Variety Slideshow is not installed. This is an optional extension adding pan-and-zoom slideshows to Variety: see https://github.com/peterlevi/variety-slideshow for details'
INFO: 2018-06-13 16:21:26,770: set_from_theme_icon() 'Showing indicator icon variety-indicator from GTK theme'
INFO: 2018-06-13 16:21:26,770: update_indicator() 'Setting file info to: /home/hspitia/Dropbox/apps_config/wallpapers/newyorkcitybypaulobarcellosjr.jpg'
INFO: 2018-06-13 16:21:30,354: reload() 'Reloading preferences dialog'
INFO: 2018-06-13 16:21:30,370: prepare_thread() 'After search prepared buffer contains 93 images'
INFO: 2018-06-13 16:21:46,290: stats_report_config() 'Stats: Reporting config anonymously'
INFO: 2018-06-13 16:21:46,435: server_options_thread() 'Fetching server options from http://tiny.cc/variety-options-063'
INFO: 2018-06-13 16:21:46,925: server_options_thread() 'Fetched server options: {u'unsplash': {u'min_fill_queue_interval': 20000000000, u'min_download_interval': 20000000000}, u'unsplash_v2': {u'min_fill_queue_interval': 1800, u'min_download_interval': 600}, u'wallpapers.net': {u'min_fill_queue_interval': 600, u'min_download_interval': 0}, u'wallhaven': {u'min_fill_queue_interval': 1800, u'min_download_interval': 1800}, u'wallbase': {u'min_fill_queue_interval': 1800, u'min_download_interval': 1800}, u'flickr': {u'min_fill_queue_interval': 1200, u'min_download_interval': 1200}, u'status_message': {u'*': u'', u'0.0.1': u''}}'
INFO: 2018-06-13 16:23:37,424: load_user() 'smart: Missing smart_user.json, creating new smart user'
INFO: 2018-06-13 16:23:37,424: new_user() 'smart: Creating new smart user'
ERROR: 2018-06-13 16:23:37,423: _run() 'sync: Could not load or create smart user'
Traceback (most recent call last):
  File "/usr/lib/python2.7/dist-packages/variety/Smart.py", line 516, in _run
    self.load_user(create_if_missing=True)
  File "/usr/lib/python2.7/dist-packages/variety/Smart.py", line 128, in load_user
    self.new_user()
  File "/usr/lib/python2.7/dist-packages/variety/Smart.py", line 136, in new_user
    self.user = Util.fetch_json(Smart.API_URL + '/newuser')
  File "/usr/lib/python2.7/dist-packages/variety/Util.py", line 529, in fetch_json
    return Util.request(url, data).json()
  File "/usr/lib/python2.7/dist-packages/variety/Util.py", line 506, in request
    verify=False)
  File "/usr/lib/python2.7/dist-packages/requests/api.py", line 58, in request
    return session.request(method=method, url=url, **kwargs)
  File "/usr/lib/python2.7/dist-packages/requests/sessions.py", line 508, in request
    resp = self.send(prep, **send_kwargs)
  File "/usr/lib/python2.7/dist-packages/requests/sessions.py", line 618, in send
    r = adapter.send(request, **kwargs)
  File "/usr/lib/python2.7/dist-packages/requests/adapters.py", line 508, in send
    raise ConnectionError(e, request=request)
ConnectionError: HTTPSConnectionPool(host='vrty.org', port=443): Max retries exceeded with url: /api/newuser (Caused by NewConnectionError('<urllib3.connection.VerifiedHTTPSConnection object at 0x7f3c8c091090>: Failed to establish a new connection: [Errno 110] Connection timed out',))
ERROR: 2018-06-13 16:23:55,885: reporting_thread_method() 'Stats: Could not report config'
Traceback (most recent call last):
  File "/usr/lib/python2.7/dist-packages/variety/VarietyWindow.py", line 999, in reporting_thread_method
    self.smart.stats_report_config()
  File "/usr/lib/python2.7/dist-packages/variety/Smart.py", line 851, in stats_report_config
    res = Util.fetch_json(Smart.API_URL + '/stats/%s/report-config' % statsid, data=data)
  File "/usr/lib/python2.7/dist-packages/variety/Util.py", line 529, in fetch_json
    return Util.request(url, data).json()
  File "/usr/lib/python2.7/dist-packages/variety/Util.py", line 506, in request
    verify=False)
  File "/usr/lib/python2.7/dist-packages/requests/api.py", line 58, in request
    return session.request(method=method, url=url, **kwargs)
  File "/usr/lib/python2.7/dist-packages/requests/sessions.py", line 508, in request
    resp = self.send(prep, **send_kwargs)
  File "/usr/lib/python2.7/dist-packages/requests/sessions.py", line 618, in send
    r = adapter.send(request, **kwargs)
  File "/usr/lib/python2.7/dist-packages/requests/adapters.py", line 508, in send
    raise ConnectionError(e, request=request)
ConnectionError: HTTPSConnectionPool(host='vrty.org', port=443): Max retries exceeded with url: /api/stats/8rbmdx8jho/report-config (Caused by NewConnectionError('<urllib3.connection.VerifiedHTTPSConnection object at 0x7f3c5c38fdd0>: Failed to establish a new connection: [Errno 110] Connection timed out',))
INFO: 2018-06-13 16:24:25,933: stats_report_config() 'Stats: Reporting config anonymously'
INFO: 2018-06-13 16:25:48,496: load_user() 'smart: Missing smart_user.json, creating new smart user'
INFO: 2018-06-13 16:25:48,496: new_user() 'smart: Creating new smart user'
ERROR: 2018-06-13 16:26:35,597: reporting_thread_method() 'Stats: Could not report config'
Traceback (most recent call last):
  File "/usr/lib/python2.7/dist-packages/variety/VarietyWindow.py", line 999, in reporting_thread_method
    self.smart.stats_report_config()
  File "/usr/lib/python2.7/dist-packages/variety/Smart.py", line 851, in stats_report_config
    res = Util.fetch_json(Smart.API_URL + '/stats/%s/report-config' % statsid, data=data)
  File "/usr/lib/python2.7/dist-packages/variety/Util.py", line 529, in fetch_json
    return Util.request(url, data).json()
  File "/usr/lib/python2.7/dist-packages/variety/Util.py", line 506, in request
    verify=False)
  File "/usr/lib/python2.7/dist-packages/requests/api.py", line 58, in request
    return session.request(method=method, url=url, **kwargs)
  File "/usr/lib/python2.7/dist-packages/requests/sessions.py", line 508, in request
    resp = self.send(prep, **send_kwargs)
  File "/usr/lib/python2.7/dist-packages/requests/sessions.py", line 618, in send
    r = adapter.send(request, **kwargs)
  File "/usr/lib/python2.7/dist-packages/requests/adapters.py", line 508, in send
    raise ConnectionError(e, request=request)
ConnectionError: HTTPSConnectionPool(host='vrty.org', port=443): Max retries exceeded with url: /api/stats/8rbmdx8jho/report-config (Caused by NewConnectionError('<urllib3.connection.VerifiedHTTPSConnection object at 0x7f3c5c45ff50>: Failed to establish a new connection: [Errno 110] Connection timed out',))
INFO: 2018-06-13 16:27:05,602: stats_report_config() 'Stats: Reporting config anonymously'
INFO: 2018-06-13 16:27:59,565: load_user() 'smart: Missing smart_user.json, creating new smart user'
INFO: 2018-06-13 16:27:59,566: new_user() 'smart: Creating new smart user'
